#! /c/Source/iverilog-install/bin/vvp
:ivl_version "12.0 (devel)" "(s20150603-1110-g18392a46)";
:ivl_delay_selection "TYPICAL";
:vpi_time_precision + 0;
:vpi_module "C:\iverilog\lib\ivl\system.vpi";
:vpi_module "C:\iverilog\lib\ivl\vhdl_sys.vpi";
:vpi_module "C:\iverilog\lib\ivl\vhdl_textio.vpi";
:vpi_module "C:\iverilog\lib\ivl\v2005_math.vpi";
:vpi_module "C:\iverilog\lib\ivl\va_math.vpi";
S_000001f0f69d6910 .scope module, "adder1B" "adder1B" 2 1;
 .timescale 0 0;
    .port_info 0 /INPUT 1 "A";
    .port_info 1 /INPUT 1 "B";
    .port_info 2 /INPUT 1 "Cin";
    .port_info 3 /OUTPUT 1 "S";
    .port_info 4 /OUTPUT 1 "Cout";
o000001f0f6a26fd8 .functor BUFZ 1, C4<z>; HiZ drive
o000001f0f6a27008 .functor BUFZ 1, C4<z>; HiZ drive
L_000001f0f69da170 .functor XOR 1, o000001f0f6a26fd8, o000001f0f6a27008, C4<0>, C4<0>;
o000001f0f6a27038 .functor BUFZ 1, C4<z>; HiZ drive
L_000001f0f6a24700 .functor XOR 1, L_000001f0f69da170, o000001f0f6a27038, C4<0>, C4<0>;
L_000001f0f69ded60 .functor AND 1, o000001f0f6a26fd8, o000001f0f6a27008, C4<1>, C4<1>;
L_000001f0f69dedd0 .functor XOR 1, o000001f0f6a26fd8, o000001f0f6a27008, C4<0>, C4<0>;
L_000001f0f69dee40 .functor AND 1, L_000001f0f69dedd0, o000001f0f6a27038, C4<1>, C4<1>;
L_000001f0f69deeb0 .functor OR 1, L_000001f0f69ded60, L_000001f0f69dee40, C4<0>, C4<0>;
v000001f0f69d71e0_0 .net "A", 0 0, o000001f0f6a26fd8;  0 drivers
v000001f0f69da0d0_0 .net "B", 0 0, o000001f0f6a27008;  0 drivers
v000001f0f69d6aa0_0 .net "Cin", 0 0, o000001f0f6a27038;  0 drivers
v000001f0f69d6b40_0 .net "Cout", 0 0, L_000001f0f69deeb0;  1 drivers
v000001f0f69d6be0_0 .net "S", 0 0, L_000001f0f6a24700;  1 drivers
v000001f0f69d6c80_0 .net *"_ivl_0", 0 0, L_000001f0f69da170;  1 drivers
v000001f0f69d6d20_0 .net *"_ivl_4", 0 0, L_000001f0f69ded60;  1 drivers
v000001f0f69de780_0 .net *"_ivl_6", 0 0, L_000001f0f69dedd0;  1 drivers
v000001f0f69dec30_0 .net *"_ivl_8", 0 0, L_000001f0f69dee40;  1 drivers
# The file index is used to find the file name in the following table.
:file_names 3;
    "N/A";
    "<interactive>";
    "adder1B.v";
