#! /c/Source/iverilog-install/bin/vvp
:ivl_version "12.0 (devel)" "(s20150603-1110-g18392a46)";
:ivl_delay_selection "TYPICAL";
:vpi_time_precision - 12;
:vpi_module "C:\iverilog\lib\ivl\system.vpi";
:vpi_module "C:\iverilog\lib\ivl\vhdl_sys.vpi";
:vpi_module "C:\iverilog\lib\ivl\vhdl_textio.vpi";
:vpi_module "C:\iverilog\lib\ivl\v2005_math.vpi";
:vpi_module "C:\iverilog\lib\ivl\va_math.vpi";
S_0000022242340d80 .scope module, "testbench" "testbench" 2 3;
 .timescale -9 -12;
v00000222423a3680_0 .var "A", 3 0;
v00000222423a3860_0 .var "B", 3 0;
v00000222423a3c20_0 .var "Cin", 0 0;
v00000222423a4260_0 .net "Cout", 0 0, L_00000222423a5d70;  1 drivers
v00000222423a44e0_0 .net "Sum", 3 0, L_00000222423a5a50;  1 drivers
S_000002224243d360 .scope module, "UUT" "four_bit_adder" 2 11, 3 1 0, S_0000022242340d80;
 .timescale 0 0;
    .port_info 0 /INPUT 4 "A";
    .port_info 1 /INPUT 4 "B";
    .port_info 2 /INPUT 1 "Cin";
    .port_info 3 /OUTPUT 4 "Sum";
    .port_info 4 /OUTPUT 1 "Cout";
v0000022242337a70_0 .net "A", 3 0, v00000222423a3680_0;  1 drivers
v0000022242337bb0_0 .net "B", 3 0, v00000222423a3860_0;  1 drivers
v0000022242337ed0_0 .net "C1", 0 0, L_00000222423a4ab0;  1 drivers
v0000022242337c50_0 .net "C2", 0 0, L_00000222423a5910;  1 drivers
v00000222423380b0_0 .net "C3", 0 0, L_00000222423a52d0;  1 drivers
v0000022242338330_0 .net "Cin", 0 0, v00000222423a3c20_0;  1 drivers
v0000022242338150_0 .net "Cout", 0 0, L_00000222423a5d70;  alias, 1 drivers
v00000222423a3400_0 .net "Sum", 3 0, L_00000222423a5a50;  alias, 1 drivers
v00000222423a2e60_0 .net *"_ivl_0", 0 0, L_00000222423a5af0;  1 drivers
L_00000222423a6898 .functor BUFT 1, C4<0>, C4<0>, C4<0>, C4<0>;
v00000222423a3d60_0 .net *"_ivl_10", 0 0, L_00000222423a6898;  1 drivers
v00000222423a46c0_0 .net *"_ivl_12", 0 0, L_00000222423a4f10;  1 drivers
v00000222423a3cc0_0 .net *"_ivl_13", 1 0, L_00000222423a5eb0;  1 drivers
L_00000222423a68e0 .functor BUFT 1, C4<0>, C4<0>, C4<0>, C4<0>;
v00000222423a2f00_0 .net *"_ivl_16", 0 0, L_00000222423a68e0;  1 drivers
v00000222423a3e00_0 .net *"_ivl_17", 1 0, L_00000222423a5230;  1 drivers
v00000222423a4300_0 .net *"_ivl_19", 1 0, L_00000222423a5870;  1 drivers
L_00000222423a6928 .functor BUFT 1, C4<0>, C4<0>, C4<0>, C4<0>;
v00000222423a3040_0 .net *"_ivl_22", 0 0, L_00000222423a6928;  1 drivers
v00000222423a2fa0_0 .net *"_ivl_23", 1 0, L_00000222423a66d0;  1 drivers
v00000222423a2d20_0 .net *"_ivl_25", 0 0, L_00000222423a5190;  1 drivers
v00000222423a3900_0 .net *"_ivl_31", 0 0, L_00000222423a4a10;  1 drivers
v00000222423a2dc0_0 .net *"_ivl_32", 1 0, L_00000222423a5730;  1 drivers
L_00000222423a6970 .functor BUFT 1, C4<0>, C4<0>, C4<0>, C4<0>;
v00000222423a3ea0_0 .net *"_ivl_35", 0 0, L_00000222423a6970;  1 drivers
v00000222423a3360_0 .net *"_ivl_37", 0 0, L_00000222423a4bf0;  1 drivers
v00000222423a2be0_0 .net *"_ivl_38", 1 0, L_00000222423a6270;  1 drivers
L_00000222423a69b8 .functor BUFT 1, C4<0>, C4<0>, C4<0>, C4<0>;
v00000222423a4760_0 .net *"_ivl_41", 0 0, L_00000222423a69b8;  1 drivers
v00000222423a34a0_0 .net *"_ivl_42", 1 0, L_00000222423a4b50;  1 drivers
v00000222423a4620_0 .net *"_ivl_44", 1 0, L_00000222423a4e70;  1 drivers
L_00000222423a6a00 .functor BUFT 1, C4<0>, C4<0>, C4<0>, C4<0>;
v00000222423a2aa0_0 .net *"_ivl_47", 0 0, L_00000222423a6a00;  1 drivers
v00000222423a3a40_0 .net *"_ivl_48", 1 0, L_00000222423a6770;  1 drivers
v00000222423a3f40_0 .net *"_ivl_50", 0 0, L_00000222423a4c90;  1 drivers
v00000222423a39a0_0 .net *"_ivl_56", 0 0, L_00000222423a4fb0;  1 drivers
v00000222423a3180_0 .net *"_ivl_57", 1 0, L_00000222423a48d0;  1 drivers
v00000222423a28c0_0 .net *"_ivl_6", 0 0, L_00000222423a5b90;  1 drivers
L_00000222423a6a48 .functor BUFT 1, C4<0>, C4<0>, C4<0>, C4<0>;
v00000222423a4580_0 .net *"_ivl_60", 0 0, L_00000222423a6a48;  1 drivers
v00000222423a3ae0_0 .net *"_ivl_62", 0 0, L_00000222423a57d0;  1 drivers
v00000222423a3fe0_0 .net *"_ivl_63", 1 0, L_00000222423a5050;  1 drivers
L_00000222423a6a90 .functor BUFT 1, C4<0>, C4<0>, C4<0>, C4<0>;
v00000222423a41c0_0 .net *"_ivl_66", 0 0, L_00000222423a6a90;  1 drivers
v00000222423a2b40_0 .net *"_ivl_67", 1 0, L_00000222423a5cd0;  1 drivers
v00000222423a37c0_0 .net *"_ivl_69", 1 0, L_00000222423a55f0;  1 drivers
v00000222423a3220_0 .net *"_ivl_7", 1 0, L_00000222423a5c30;  1 drivers
L_00000222423a6ad8 .functor BUFT 1, C4<0>, C4<0>, C4<0>, C4<0>;
v00000222423a30e0_0 .net *"_ivl_72", 0 0, L_00000222423a6ad8;  1 drivers
v00000222423a43a0_0 .net *"_ivl_73", 1 0, L_00000222423a59b0;  1 drivers
v00000222423a3720_0 .net *"_ivl_75", 0 0, L_00000222423a54b0;  1 drivers
v00000222423a2960_0 .net *"_ivl_82", 0 0, L_00000222423a4970;  1 drivers
v00000222423a4440_0 .net *"_ivl_83", 1 0, L_00000222423a5ff0;  1 drivers
L_00000222423a6b20 .functor BUFT 1, C4<0>, C4<0>, C4<0>, C4<0>;
v00000222423a32c0_0 .net *"_ivl_86", 0 0, L_00000222423a6b20;  1 drivers
v00000222423a2a00_0 .net *"_ivl_88", 0 0, L_00000222423a5690;  1 drivers
v00000222423a2c80_0 .net *"_ivl_89", 1 0, L_00000222423a4d30;  1 drivers
L_00000222423a6b68 .functor BUFT 1, C4<0>, C4<0>, C4<0>, C4<0>;
v00000222423a4080_0 .net *"_ivl_92", 0 0, L_00000222423a6b68;  1 drivers
v00000222423a3b80_0 .net *"_ivl_93", 1 0, L_00000222423a6630;  1 drivers
v00000222423a3540_0 .net *"_ivl_95", 1 0, L_00000222423a61d0;  1 drivers
L_00000222423a6bb0 .functor BUFT 1, C4<0>, C4<0>, C4<0>, C4<0>;
v00000222423a35e0_0 .net *"_ivl_98", 0 0, L_00000222423a6bb0;  1 drivers
v00000222423a4120_0 .net *"_ivl_99", 1 0, L_00000222423a6310;  1 drivers
L_00000222423a4ab0 .part L_00000222423a66d0, 1, 1;
L_00000222423a5af0 .part L_00000222423a66d0, 0, 1;
L_00000222423a5b90 .part v00000222423a3680_0, 0, 1;
L_00000222423a5c30 .concat [ 1 1 0 0], L_00000222423a5b90, L_00000222423a6898;
L_00000222423a4f10 .part v00000222423a3860_0, 0, 1;
L_00000222423a5eb0 .concat [ 1 1 0 0], L_00000222423a4f10, L_00000222423a68e0;
L_00000222423a5230 .arith/sum 2, L_00000222423a5c30, L_00000222423a5eb0;
L_00000222423a5870 .concat [ 1 1 0 0], v00000222423a3c20_0, L_00000222423a6928;
L_00000222423a66d0 .arith/sum 2, L_00000222423a5230, L_00000222423a5870;
L_00000222423a5910 .part L_00000222423a6770, 1, 1;
L_00000222423a5190 .part L_00000222423a6770, 0, 1;
L_00000222423a4a10 .part v00000222423a3680_0, 1, 1;
L_00000222423a5730 .concat [ 1 1 0 0], L_00000222423a4a10, L_00000222423a6970;
L_00000222423a4bf0 .part v00000222423a3860_0, 1, 1;
L_00000222423a6270 .concat [ 1 1 0 0], L_00000222423a4bf0, L_00000222423a69b8;
L_00000222423a4b50 .arith/sum 2, L_00000222423a5730, L_00000222423a6270;
L_00000222423a4e70 .concat [ 1 1 0 0], L_00000222423a4ab0, L_00000222423a6a00;
L_00000222423a6770 .arith/sum 2, L_00000222423a4b50, L_00000222423a4e70;
L_00000222423a52d0 .part L_00000222423a59b0, 1, 1;
L_00000222423a4c90 .part L_00000222423a59b0, 0, 1;
L_00000222423a4fb0 .part v00000222423a3680_0, 2, 1;
L_00000222423a48d0 .concat [ 1 1 0 0], L_00000222423a4fb0, L_00000222423a6a48;
L_00000222423a57d0 .part v00000222423a3860_0, 2, 1;
L_00000222423a5050 .concat [ 1 1 0 0], L_00000222423a57d0, L_00000222423a6a90;
L_00000222423a5cd0 .arith/sum 2, L_00000222423a48d0, L_00000222423a5050;
L_00000222423a55f0 .concat [ 1 1 0 0], L_00000222423a5910, L_00000222423a6ad8;
L_00000222423a59b0 .arith/sum 2, L_00000222423a5cd0, L_00000222423a55f0;
L_00000222423a5a50 .concat8 [ 1 1 1 1], L_00000222423a5af0, L_00000222423a5190, L_00000222423a4c90, L_00000222423a54b0;
L_00000222423a5d70 .part L_00000222423a6310, 1, 1;
L_00000222423a54b0 .part L_00000222423a6310, 0, 1;
L_00000222423a4970 .part v00000222423a3680_0, 3, 1;
L_00000222423a5ff0 .concat [ 1 1 0 0], L_00000222423a4970, L_00000222423a6b20;
L_00000222423a5690 .part v00000222423a3860_0, 3, 1;
L_00000222423a4d30 .concat [ 1 1 0 0], L_00000222423a5690, L_00000222423a6b68;
L_00000222423a6630 .arith/sum 2, L_00000222423a5ff0, L_00000222423a4d30;
L_00000222423a61d0 .concat [ 1 1 0 0], L_00000222423a52d0, L_00000222423a6bb0;
L_00000222423a6310 .arith/sum 2, L_00000222423a6630, L_00000222423a61d0;
    .scope S_0000022242340d80;
T_0 ;
    %vpi_call 2 21 "$dumpfile", "Adder4B_tb_test.vcd" {0 0 0};
    %vpi_call 2 22 "$dumpvars", 32'sb00000000000000000000000000000000, S_0000022242340d80 {0 0 0};
    %pushi/vec4 0, 0, 4;
    %store/vec4 v00000222423a3680_0, 0, 4;
    %pushi/vec4 0, 0, 4;
    %store/vec4 v00000222423a3860_0, 0, 4;
    %pushi/vec4 0, 0, 1;
    %store/vec4 v00000222423a3c20_0, 0, 1;
    %delay 20000, 0;
    %pushi/vec4 1, 0, 4;
    %store/vec4 v00000222423a3680_0, 0, 4;
    %pushi/vec4 1, 0, 4;
    %store/vec4 v00000222423a3860_0, 0, 4;
    %pushi/vec4 0, 0, 1;
    %store/vec4 v00000222423a3c20_0, 0, 1;
    %delay 20000, 0;
    %pushi/vec4 3, 0, 4;
    %store/vec4 v00000222423a3680_0, 0, 4;
    %pushi/vec4 5, 0, 4;
    %store/vec4 v00000222423a3860_0, 0, 4;
    %pushi/vec4 1, 0, 1;
    %store/vec4 v00000222423a3c20_0, 0, 1;
    %delay 20000, 0;
    %pushi/vec4 15, 0, 4;
    %store/vec4 v00000222423a3680_0, 0, 4;
    %pushi/vec4 15, 0, 4;
    %store/vec4 v00000222423a3860_0, 0, 4;
    %pushi/vec4 1, 0, 1;
    %store/vec4 v00000222423a3c20_0, 0, 1;
    %delay 20000, 0;
    %vpi_call 2 30 "$finish" {0 0 0};
    %end;
    .thread T_0;
    .scope S_0000022242340d80;
T_1 ;
    %vpi_call 2 34 "$monitor", "%4t: A=%b, B=%b, Cin=%b | Sum=%b, Cout=%b", $time, v00000222423a3680_0, v00000222423a3860_0, v00000222423a3c20_0, v00000222423a44e0_0, v00000222423a4260_0 {0 0 0};
    %end;
    .thread T_1;
# The file index is used to find the file name in the following table.
:file_names 4;
    "N/A";
    "<interactive>";
    "adder4bit_tb.v";
    "adder4bit.v";
