#! /c/Source/iverilog-install/bin/vvp
:ivl_version "12.0 (devel)" "(s20150603-1110-g18392a46)";
:ivl_delay_selection "TYPICAL";
:vpi_time_precision - 12;
:vpi_module "C:\iverilog\lib\ivl\system.vpi";
:vpi_module "C:\iverilog\lib\ivl\vhdl_sys.vpi";
:vpi_module "C:\iverilog\lib\ivl\vhdl_textio.vpi";
:vpi_module "C:\iverilog\lib\ivl\v2005_math.vpi";
:vpi_module "C:\iverilog\lib\ivl\va_math.vpi";
S_0000027689ddaaf0 .scope module, "adder1B_tb" "adder1B_tb" 2 2;
 .timescale -9 -12;
v0000027689e703e0_0 .var "A", 0 0;
v0000027689e70160_0 .var "B", 0 0;
v0000027689e6fe40_0 .var "Cin", 0 0;
v0000027689e6f9e0_0 .net "Cout", 0 0, L_0000027689dd9f30;  1 drivers
v0000027689e70520_0 .net "S", 0 0, L_0000027689dd9d70;  1 drivers
S_0000027689ddbb80 .scope module, "uut" "adder1B" 2 14, 3 1 0, S_0000027689ddaaf0;
 .timescale 0 0;
    .port_info 0 /INPUT 1 "A";
    .port_info 1 /INPUT 1 "B";
    .port_info 2 /INPUT 1 "Cin";
    .port_info 3 /OUTPUT 1 "S";
    .port_info 4 /OUTPUT 1 "Cout";
L_0000027689dd9e50 .functor XOR 1, v0000027689e703e0_0, v0000027689e70160_0, C4<0>, C4<0>;
L_0000027689dd9d70 .functor XOR 1, L_0000027689dd9e50, v0000027689e6fe40_0, C4<0>, C4<0>;
L_0000027689dda390 .functor AND 1, v0000027689e703e0_0, v0000027689e70160_0, C4<1>, C4<1>;
L_0000027689dda320 .functor XOR 1, v0000027689e703e0_0, v0000027689e70160_0, C4<0>, C4<0>;
L_0000027689dd9de0 .functor AND 1, L_0000027689dda320, v0000027689e6fe40_0, C4<1>, C4<1>;
L_0000027689dd9f30 .functor OR 1, L_0000027689dda390, L_0000027689dd9de0, C4<0>, C4<0>;
v0000027689df2ff0_0 .net "A", 0 0, v0000027689e703e0_0;  1 drivers
v0000027689e25f30_0 .net "B", 0 0, v0000027689e70160_0;  1 drivers
v0000027689ddac80_0 .net "Cin", 0 0, v0000027689e6fe40_0;  1 drivers
v0000027689dda930_0 .net "Cout", 0 0, L_0000027689dd9f30;  alias, 1 drivers
v0000027689ddbd10_0 .net "S", 0 0, L_0000027689dd9d70;  alias, 1 drivers
v0000027689ddbdb0_0 .net *"_ivl_0", 0 0, L_0000027689dd9e50;  1 drivers
v0000027689ddbe50_0 .net *"_ivl_4", 0 0, L_0000027689dda390;  1 drivers
v0000027689ddb3e0_0 .net *"_ivl_6", 0 0, L_0000027689dda320;  1 drivers
v0000027689ddb480_0 .net *"_ivl_8", 0 0, L_0000027689dd9de0;  1 drivers
    .scope S_0000027689ddaaf0;
T_0 ;
    %vpi_call 2 18 "$dumpfile", "Adder1B_tb_test.vcd" {0 0 0};
    %vpi_call 2 19 "$dumpvars", 32'sb00000000000000000000000000000000, S_0000027689ddaaf0 {0 0 0};
    %pushi/vec4 0, 0, 1;
    %store/vec4 v0000027689e703e0_0, 0, 1;
    %pushi/vec4 0, 0, 1;
    %store/vec4 v0000027689e70160_0, 0, 1;
    %pushi/vec4 0, 0, 1;
    %store/vec4 v0000027689e6fe40_0, 0, 1;
    %delay 20000, 0;
    %pushi/vec4 0, 0, 1;
    %store/vec4 v0000027689e703e0_0, 0, 1;
    %pushi/vec4 0, 0, 1;
    %store/vec4 v0000027689e70160_0, 0, 1;
    %pushi/vec4 1, 0, 1;
    %store/vec4 v0000027689e6fe40_0, 0, 1;
    %delay 20000, 0;
    %pushi/vec4 0, 0, 1;
    %store/vec4 v0000027689e703e0_0, 0, 1;
    %pushi/vec4 1, 0, 1;
    %store/vec4 v0000027689e70160_0, 0, 1;
    %pushi/vec4 0, 0, 1;
    %store/vec4 v0000027689e6fe40_0, 0, 1;
    %delay 20000, 0;
    %pushi/vec4 0, 0, 1;
    %store/vec4 v0000027689e703e0_0, 0, 1;
    %pushi/vec4 1, 0, 1;
    %store/vec4 v0000027689e70160_0, 0, 1;
    %pushi/vec4 1, 0, 1;
    %store/vec4 v0000027689e6fe40_0, 0, 1;
    %delay 20000, 0;
    %pushi/vec4 1, 0, 1;
    %store/vec4 v0000027689e703e0_0, 0, 1;
    %pushi/vec4 0, 0, 1;
    %store/vec4 v0000027689e70160_0, 0, 1;
    %pushi/vec4 0, 0, 1;
    %store/vec4 v0000027689e6fe40_0, 0, 1;
    %delay 20000, 0;
    %pushi/vec4 1, 0, 1;
    %store/vec4 v0000027689e703e0_0, 0, 1;
    %pushi/vec4 0, 0, 1;
    %store/vec4 v0000027689e70160_0, 0, 1;
    %pushi/vec4 1, 0, 1;
    %store/vec4 v0000027689e6fe40_0, 0, 1;
    %delay 20000, 0;
    %pushi/vec4 1, 0, 1;
    %store/vec4 v0000027689e703e0_0, 0, 1;
    %pushi/vec4 1, 0, 1;
    %store/vec4 v0000027689e70160_0, 0, 1;
    %pushi/vec4 0, 0, 1;
    %store/vec4 v0000027689e6fe40_0, 0, 1;
    %delay 20000, 0;
    %pushi/vec4 1, 0, 1;
    %store/vec4 v0000027689e703e0_0, 0, 1;
    %pushi/vec4 1, 0, 1;
    %store/vec4 v0000027689e70160_0, 0, 1;
    %pushi/vec4 1, 0, 1;
    %store/vec4 v0000027689e6fe40_0, 0, 1;
    %delay 20000, 0;
    %vpi_call 2 63 "$finish" {0 0 0};
    %end;
    .thread T_0;
    .scope S_0000027689ddaaf0;
T_1 ;
    %vpi_call 2 67 "$monitor", "A=%b,B=%b,Cin=%b,S=%b,Cout=%b\012", v0000027689e703e0_0, v0000027689e70160_0, v0000027689e6fe40_0, v0000027689e70520_0, v0000027689e6f9e0_0 {0 0 0};
    %end;
    .thread T_1;
# The file index is used to find the file name in the following table.
:file_names 4;
    "N/A";
    "<interactive>";
    "adder1B_tb.v";
    "adder1B.v";
