#! /c/Source/iverilog-install/bin/vvp
:ivl_version "12.0 (devel)" "(s20150603-1110-g18392a46)";
:ivl_delay_selection "TYPICAL";
:vpi_time_precision + 0;
:vpi_module "C:\iverilog\lib\ivl\system.vpi";
:vpi_module "C:\iverilog\lib\ivl\vhdl_sys.vpi";
:vpi_module "C:\iverilog\lib\ivl\vhdl_textio.vpi";
:vpi_module "C:\iverilog\lib\ivl\v2005_math.vpi";
:vpi_module "C:\iverilog\lib\ivl\va_math.vpi";
S_000001fa9450cf20 .scope module, "decoder" "decoder" 2 1;
 .timescale 0 0;
    .port_info 0 /INPUT 2 "A";
    .port_info 1 /INPUT 1 "E";
    .port_info 2 /OUTPUT 4 "Y";
o000001fa9455afe8 .functor BUFZ 1, C4<z>; HiZ drive
L_000001fa94546fc0 .functor AND 1, o000001fa9455afe8, L_000001fa945a0e60, C4<1>, C4<1>;
L_000001fa94546af0 .functor AND 1, L_000001fa94546fc0, L_000001fa9459f9c0, C4<1>, C4<1>;
L_000001fa94546f50 .functor AND 1, o000001fa9455afe8, L_000001fa945a0dc0, C4<1>, C4<1>;
L_000001fa94546cb0 .functor NOT 1, L_000001fa945a14a0, C4<0>, C4<0>, C4<0>;
L_000001fa94546e70 .functor AND 1, L_000001fa94546f50, L_000001fa94546cb0, C4<1>, C4<1>;
L_000001fa94546930 .functor NOT 1, L_000001fa945a1680, C4<0>, C4<0>, C4<0>;
L_000001fa94546ee0 .functor AND 1, o000001fa9455afe8, L_000001fa94546930, C4<1>, C4<1>;
L_000001fa945469a0 .functor AND 1, L_000001fa94546ee0, L_000001fa945a00a0, C4<1>, C4<1>;
L_000001fa94546a10 .functor NOT 1, L_000001fa9459fe20, C4<0>, C4<0>, C4<0>;
L_000001fa94546e00 .functor AND 1, o000001fa9455afe8, L_000001fa94546a10, C4<1>, C4<1>;
L_000001fa94546a80 .functor NOT 1, L_000001fa9459fa60, C4<0>, C4<0>, C4<0>;
L_000001fa94546b60 .functor AND 1, L_000001fa94546e00, L_000001fa94546a80, C4<1>, C4<1>;
o000001fa9455afb8 .functor BUFZ 2, C4<zz>; HiZ drive
v000001fa9450afe0_0 .net "A", 1 0, o000001fa9455afb8;  0 drivers
v000001fa9450b080_0 .net "E", 0 0, o000001fa9455afe8;  0 drivers
v000001fa9450b4e0_0 .net "Y", 3 0, L_000001fa945a1400;  1 drivers
v000001fa9450b1c0_0 .net *"_ivl_13", 0 0, L_000001fa945a0dc0;  1 drivers
v000001fa9450ae00_0 .net *"_ivl_14", 0 0, L_000001fa94546f50;  1 drivers
v000001fa9450b580_0 .net *"_ivl_17", 0 0, L_000001fa945a14a0;  1 drivers
v000001fa9450b8a0_0 .net *"_ivl_18", 0 0, L_000001fa94546cb0;  1 drivers
v000001fa9450bbc0_0 .net *"_ivl_20", 0 0, L_000001fa94546e70;  1 drivers
v000001fa9450b620_0 .net *"_ivl_25", 0 0, L_000001fa945a1680;  1 drivers
v000001fa9450acc0_0 .net *"_ivl_26", 0 0, L_000001fa94546930;  1 drivers
v000001fa9450b800_0 .net *"_ivl_28", 0 0, L_000001fa94546ee0;  1 drivers
v000001fa9450ad60_0 .net *"_ivl_3", 0 0, L_000001fa945a0e60;  1 drivers
v000001fa9450aea0_0 .net *"_ivl_31", 0 0, L_000001fa945a00a0;  1 drivers
v000001fa9450b260_0 .net *"_ivl_32", 0 0, L_000001fa945469a0;  1 drivers
v000001fa9450b300_0 .net *"_ivl_38", 0 0, L_000001fa9459fe20;  1 drivers
v000001fa9459ff60_0 .net *"_ivl_39", 0 0, L_000001fa94546a10;  1 drivers
v000001fa945a0780_0 .net *"_ivl_4", 0 0, L_000001fa94546fc0;  1 drivers
v000001fa945a0f00_0 .net *"_ivl_41", 0 0, L_000001fa94546e00;  1 drivers
v000001fa9459f880_0 .net *"_ivl_44", 0 0, L_000001fa9459fa60;  1 drivers
v000001fa9459f920_0 .net *"_ivl_45", 0 0, L_000001fa94546a80;  1 drivers
v000001fa945a0fa0_0 .net *"_ivl_47", 0 0, L_000001fa94546b60;  1 drivers
v000001fa9459fc40_0 .net *"_ivl_7", 0 0, L_000001fa9459f9c0;  1 drivers
v000001fa945a0280_0 .net *"_ivl_8", 0 0, L_000001fa94546af0;  1 drivers
L_000001fa945a0e60 .part o000001fa9455afb8, 1, 1;
L_000001fa9459f9c0 .part o000001fa9455afb8, 0, 1;
L_000001fa945a0dc0 .part o000001fa9455afb8, 1, 1;
L_000001fa945a14a0 .part o000001fa9455afb8, 0, 1;
L_000001fa945a1680 .part o000001fa9455afb8, 1, 1;
L_000001fa945a00a0 .part o000001fa9455afb8, 0, 1;
L_000001fa945a1400 .concat8 [ 1 1 1 1], L_000001fa94546b60, L_000001fa945469a0, L_000001fa94546e70, L_000001fa94546af0;
L_000001fa9459fe20 .part o000001fa9455afb8, 1, 1;
L_000001fa9459fa60 .part o000001fa9455afb8, 0, 1;
# The file index is used to find the file name in the following table.
:file_names 3;
    "N/A";
    "<interactive>";
    "decoder.v";
