#! /c/Source/iverilog-install/bin/vvp
:ivl_version "12.0 (devel)" "(s20150603-1110-g18392a46)";
:ivl_delay_selection "TYPICAL";
:vpi_time_precision + 0;
:vpi_module "C:\iverilog\lib\ivl\system.vpi";
:vpi_module "C:\iverilog\lib\ivl\vhdl_sys.vpi";
:vpi_module "C:\iverilog\lib\ivl\vhdl_textio.vpi";
:vpi_module "C:\iverilog\lib\ivl\v2005_math.vpi";
:vpi_module "C:\iverilog\lib\ivl\va_math.vpi";
S_0000022c5dce6a20 .scope module, "comparator" "comparator" 2 1;
 .timescale 0 0;
    .port_info 0 /INPUT 1 "x";
    .port_info 1 /INOUT 1 "y";
    .port_info 2 /OUTPUT 1 "z";
o0000022c5dd37008 .functor BUFZ 1, C4<z>; HiZ drive
L_0000022c5dd34740 .functor NOT 1, o0000022c5dd37008, C4<0>, C4<0>, C4<0>;
o0000022c5dd37068 .functor BUFZ 1, C4<z>; HiZ drive
L_0000022c5dce6d90 .functor NOT 1, o0000022c5dd37068, C4<0>, C4<0>, C4<0>;
L_0000022c5dced710 .functor AND 1, o0000022c5dd37008, o0000022c5dd37068, C4<1>, C4<1>;
L_0000022c5dced780 .functor AND 1, L_0000022c5dd34740, L_0000022c5dce6d90, C4<1>, C4<1>;
L_0000022c5dced7f0 .functor OR 1, L_0000022c5dced710, L_0000022c5dced780, C4<0>, C4<0>;
v0000022c5dce6fe0_0 .net "p", 0 0, L_0000022c5dced710;  1 drivers
v0000022c5dce7200_0 .net "q", 0 0, L_0000022c5dced780;  1 drivers
v0000022c5dce6bb0_0 .net "x", 0 0, o0000022c5dd37008;  0 drivers
v0000022c5dce6c50_0 .net "x_", 0 0, L_0000022c5dd34740;  1 drivers
v0000022c5dce6cf0_0 .net "y", 0 0, o0000022c5dd37068;  0 drivers
v0000022c5dced5d0_0 .net "y_", 0 0, L_0000022c5dce6d90;  1 drivers
v0000022c5dced670_0 .net "z", 0 0, L_0000022c5dced7f0;  1 drivers
# The file index is used to find the file name in the following table.
:file_names 3;
    "N/A";
    "<interactive>";
    "comparator.v";
